2025-10-22 11:53:31,306 - werkzeug - WARNING -  * Debugger is active!
2025-10-22 11:53:31,314 - werkzeug - INFO -  * Debugger PIN: 996-615-269
2025-10-22 11:54:40,498 - werkzeug - INFO -  * Detected change in 'E:\\code\\my_python_server\\ezdxf_server\\base_server.py', reloading
2025-10-22 11:54:46,566 - werkzeug - WARNING -  * Debugger is active!
2025-10-22 11:54:46,571 - werkzeug - INFO -  * Debugger PIN: 996-615-269
2025-10-22 11:54:46,649 - ezdxf - INFO - creating ACAD_COLOR dictionary
2025-10-22 11:54:46,650 - ezdxf - INFO - creating ACAD_GROUP dictionary
2025-10-22 11:54:46,651 - ezdxf - INFO - creating ACAD_LAYOUT dictionary
2025-10-22 11:54:46,653 - ezdxf - INFO - creating ACAD_MATERIAL dictionary
2025-10-22 11:54:46,653 - ezdxf - INFO - creating ACAD_MLEADERSTYLE dictionary
2025-10-22 11:54:46,654 - ezdxf - INFO - creating ACAD_MLINESTYLE dictionary
2025-10-22 11:54:46,654 - ezdxf - INFO - creating ACAD_PLOTSETTINGS dictionary
2025-10-22 11:54:46,655 - ezdxf - INFO - creating ACAD_PLOTSTYLENAME dictionary
2025-10-22 11:54:46,656 - ezdxf - INFO - creating ACAD_SCALELIST dictionary
2025-10-22 11:54:46,656 - ezdxf - INFO - creating ACAD_TABLESTYLE dictionary
2025-10-22 11:54:46,656 - ezdxf - INFO - creating ACAD_VISUALSTYLE dictionary
2025-10-22 11:54:49,454 - ezdxf - INFO - did not write header var $INTERFEREOBJVS, value is None.
2025-10-22 11:54:49,454 - ezdxf - INFO - did not write header var $INTERFEREVPVS, value is None.
2025-10-22 11:54:49,518 - werkzeug - INFO - 127.0.0.1 - - [22/Oct/2025 11:54:49] "GET /merge_dxf_files?folder_path=F:\\陈启鸿\\三宝\\10.7\\20厘 HTTP/1.1" 200 -
2025-10-22 11:55:24,766 - werkzeug - INFO - [31m[1mWARNING: This is a development server. Do not use it in a production deployment. Use a production WSGI server instead.[0m
 * Running on all addresses (0.0.0.0)
 * Running on http://127.0.0.1:5303
 * Running on http://192.168.10.205:5303
2025-10-22 11:55:24,767 - werkzeug - INFO - [33mPress CTRL+C to quit[0m
2025-10-22 11:55:24,771 - werkzeug - INFO -  * Restarting with stat
2025-10-22 11:55:27,307 - werkzeug - WARNING -  * Debugger is active!
2025-10-22 11:55:27,315 - werkzeug - INFO -  * Debugger PIN: 996-615-269
2025-10-22 11:55:29,409 - ezdxf - INFO - creating ACAD_COLOR dictionary
2025-10-22 11:55:29,410 - ezdxf - INFO - creating ACAD_GROUP dictionary
2025-10-22 11:55:29,410 - ezdxf - INFO - creating ACAD_LAYOUT dictionary
2025-10-22 11:55:29,411 - ezdxf - INFO - creating ACAD_MATERIAL dictionary
2025-10-22 11:55:29,411 - ezdxf - INFO - creating ACAD_MLEADERSTYLE dictionary
2025-10-22 11:55:29,411 - ezdxf - INFO - creating ACAD_MLINESTYLE dictionary
2025-10-22 11:55:29,412 - ezdxf - INFO - creating ACAD_PLOTSETTINGS dictionary
2025-10-22 11:55:29,412 - ezdxf - INFO - creating ACAD_PLOTSTYLENAME dictionary
2025-10-22 11:55:29,413 - ezdxf - INFO - creating ACAD_SCALELIST dictionary
2025-10-22 11:55:29,413 - ezdxf - INFO - creating ACAD_TABLESTYLE dictionary
2025-10-22 11:55:29,414 - ezdxf - INFO - creating ACAD_VISUALSTYLE dictionary
2025-10-22 11:55:32,389 - ezdxf - INFO - did not write header var $INTERFEREOBJVS, value is None.
2025-10-22 11:55:32,389 - ezdxf - INFO - did not write header var $INTERFEREVPVS, value is None.
2025-10-22 11:55:32,457 - werkzeug - INFO - 127.0.0.1 - - [22/Oct/2025 11:55:32] "GET /merge_dxf_files?folder_path=F:\\陈启鸿\\三宝\\10.7\\20厘 HTTP/1.1" 200 -
2025-10-22 11:58:51,854 - werkzeug - INFO -  * Detected change in 'E:\\code\\my_python_server\\ezdxf_server\\base_server.py', reloading
2025-10-22 11:58:54,118 - werkzeug - INFO -  * Restarting with stat
2025-10-22 11:58:56,398 - werkzeug - WARNING -  * Debugger is active!
2025-10-22 11:58:56,403 - werkzeug - INFO -  * Debugger PIN: 996-615-269
2025-10-22 11:58:56,512 - ezdxf - INFO - creating ACAD_COLOR dictionary
2025-10-22 11:58:56,513 - ezdxf - INFO - creating ACAD_GROUP dictionary
2025-10-22 11:58:56,513 - ezdxf - INFO - creating ACAD_LAYOUT dictionary
2025-10-22 11:58:56,514 - ezdxf - INFO - creating ACAD_MATERIAL dictionary
2025-10-22 11:58:56,514 - ezdxf - INFO - creating ACAD_MLEADERSTYLE dictionary
2025-10-22 11:58:56,515 - ezdxf - INFO - creating ACAD_MLINESTYLE dictionary
2025-10-22 11:58:56,515 - ezdxf - INFO - creating ACAD_PLOTSETTINGS dictionary
2025-10-22 11:58:56,516 - ezdxf - INFO - creating ACAD_PLOTSTYLENAME dictionary
2025-10-22 11:58:56,516 - ezdxf - INFO - creating ACAD_SCALELIST dictionary
2025-10-22 11:58:56,517 - ezdxf - INFO - creating ACAD_TABLESTYLE dictionary
2025-10-22 11:58:56,517 - ezdxf - INFO - creating ACAD_VISUALSTYLE dictionary
2025-10-22 11:58:56,923 - __main__ - INFO - 分解多段线，获得 4 个实体
2025-10-22 11:58:56,923 - __main__ - INFO - 分解了 1 个块，获得 4 个实体
2025-10-22 11:58:56,990 - __main__ - INFO - 分解多段线，获得 4 个实体
2025-10-22 11:58:56,991 - __main__ - INFO - 分解了 1 个块，获得 4 个实体
2025-10-22 11:58:58,694 - ezdxf - INFO - did not write header var $INTERFEREOBJVS, value is None.
2025-10-22 11:58:58,695 - ezdxf - INFO - did not write header var $INTERFEREVPVS, value is None.
2025-10-22 11:58:58,744 - werkzeug - INFO - 127.0.0.1 - - [22/Oct/2025 11:58:58] "GET /merge_dxf_files?folder_path=F:\\陈启鸿\\三宝\\10.7\\20厘 HTTP/1.1" 200 -
2025-10-22 13:34:00,141 - werkzeug - INFO - [31m[1mWARNING: This is a development server. Do not use it in a production deployment. Use a production WSGI server instead.[0m
 * Running on all addresses (0.0.0.0)
 * Running on http://127.0.0.1:5303
 * Running on http://192.168.10.205:5303
2025-10-22 13:34:00,142 - werkzeug - INFO - [33mPress CTRL+C to quit[0m
2025-10-22 13:34:00,145 - werkzeug - INFO -  * Restarting with stat
2025-10-22 13:34:02,573 - werkzeug - WARNING -  * Debugger is active!
2025-10-22 13:34:02,579 - werkzeug - INFO -  * Debugger PIN: 996-615-269
2025-10-22 13:34:08,261 - ezdxf - INFO - creating ACAD_COLOR dictionary
2025-10-22 13:34:08,261 - ezdxf - INFO - creating ACAD_GROUP dictionary
2025-10-22 13:34:08,261 - ezdxf - INFO - creating ACAD_LAYOUT dictionary
2025-10-22 13:34:08,262 - ezdxf - INFO - creating ACAD_MATERIAL dictionary
2025-10-22 13:34:08,263 - ezdxf - INFO - creating ACAD_MLEADERSTYLE dictionary
2025-10-22 13:34:08,264 - ezdxf - INFO - creating ACAD_MLINESTYLE dictionary
2025-10-22 13:34:08,264 - ezdxf - INFO - creating ACAD_PLOTSETTINGS dictionary
2025-10-22 13:34:08,264 - ezdxf - INFO - creating ACAD_PLOTSTYLENAME dictionary
2025-10-22 13:34:08,265 - ezdxf - INFO - creating ACAD_SCALELIST dictionary
2025-10-22 13:34:08,265 - ezdxf - INFO - creating ACAD_TABLESTYLE dictionary
2025-10-22 13:34:08,266 - ezdxf - INFO - creating ACAD_VISUALSTYLE dictionary
2025-10-22 13:34:08,699 - __main__ - INFO - 分解多段线，获得 4 个实体
2025-10-22 13:34:08,764 - __main__ - INFO - 分解多段线，获得 4 个实体
2025-10-22 13:34:10,463 - ezdxf - INFO - did not write header var $INTERFEREOBJVS, value is None.
2025-10-22 13:34:10,463 - ezdxf - INFO - did not write header var $INTERFEREVPVS, value is None.
2025-10-22 13:34:10,518 - werkzeug - INFO - 127.0.0.1 - - [22/Oct/2025 13:34:10] "GET /merge_dxf_files?folder_path=F:\\陈启鸿\\三宝\\10.7\\20厘 HTTP/1.1" 200 -
2025-10-22 13:36:46,712 - werkzeug - INFO -  * Detected change in 'E:\\code\\my_python_server\\ezdxf_server\\base_server.py', reloading
2025-10-22 13:36:59,255 - werkzeug - INFO -  * Restarting with stat
2025-10-22 13:37:01,582 - werkzeug - WARNING -  * Debugger is active!
2025-10-22 13:37:01,587 - werkzeug - INFO -  * Debugger PIN: 996-615-269
2025-10-22 13:37:05,381 - ezdxf - INFO - creating ACAD_COLOR dictionary
2025-10-22 13:37:05,381 - ezdxf - INFO - creating ACAD_GROUP dictionary
2025-10-22 13:37:05,381 - ezdxf - INFO - creating ACAD_LAYOUT dictionary
2025-10-22 13:37:05,382 - ezdxf - INFO - creating ACAD_MATERIAL dictionary
2025-10-22 13:37:05,382 - ezdxf - INFO - creating ACAD_MLEADERSTYLE dictionary
2025-10-22 13:37:05,383 - ezdxf - INFO - creating ACAD_MLINESTYLE dictionary
2025-10-22 13:37:05,383 - ezdxf - INFO - creating ACAD_PLOTSETTINGS dictionary
2025-10-22 13:37:05,383 - ezdxf - INFO - creating ACAD_PLOTSTYLENAME dictionary
2025-10-22 13:37:05,384 - ezdxf - INFO - creating ACAD_SCALELIST dictionary
2025-10-22 13:37:05,385 - ezdxf - INFO - creating ACAD_TABLESTYLE dictionary
2025-10-22 13:37:05,385 - ezdxf - INFO - creating ACAD_VISUALSTYLE dictionary
2025-10-22 13:37:05,817 - __main__ - INFO - 分解多段线，获得 4 个实体
2025-10-22 13:37:05,888 - __main__ - INFO - 分解多段线，获得 4 个实体
2025-10-22 13:37:07,489 - ezdxf - INFO - did not write header var $INTERFEREOBJVS, value is None.
2025-10-22 13:37:07,489 - ezdxf - INFO - did not write header var $INTERFEREVPVS, value is None.
2025-10-22 13:37:07,538 - werkzeug - INFO - 127.0.0.1 - - [22/Oct/2025 13:37:07] "GET /merge_dxf_files?folder_path=F:\\陈启鸿\\三宝\\10.7\\20厘 HTTP/1.1" 200 -
2025-10-22 13:38:49,152 - werkzeug - INFO -  * Detected change in 'E:\\code\\my_python_server\\ezdxf_server\\base_server.py', reloading
2025-10-22 13:38:51,645 - werkzeug - INFO -  * Restarting with stat
2025-10-22 13:38:53,908 - werkzeug - WARNING -  * Debugger is active!
2025-10-22 13:38:53,913 - werkzeug - INFO -  * Debugger PIN: 996-615-269
2025-10-22 13:38:55,826 - ezdxf - INFO - creating ACAD_COLOR dictionary
2025-10-22 13:38:55,827 - ezdxf - INFO - creating ACAD_GROUP dictionary
2025-10-22 13:38:55,827 - ezdxf - INFO - creating ACAD_LAYOUT dictionary
2025-10-22 13:38:55,827 - ezdxf - INFO - creating ACAD_MATERIAL dictionary
2025-10-22 13:38:55,828 - ezdxf - INFO - creating ACAD_MLEADERSTYLE dictionary
2025-10-22 13:38:55,828 - ezdxf - INFO - creating ACAD_MLINESTYLE dictionary
2025-10-22 13:38:55,829 - ezdxf - INFO - creating ACAD_PLOTSETTINGS dictionary
2025-10-22 13:38:55,829 - ezdxf - INFO - creating ACAD_PLOTSTYLENAME dictionary
2025-10-22 13:38:55,830 - ezdxf - INFO - creating ACAD_SCALELIST dictionary
2025-10-22 13:38:55,830 - ezdxf - INFO - creating ACAD_TABLESTYLE dictionary
2025-10-22 13:38:55,830 - ezdxf - INFO - creating ACAD_VISUALSTYLE dictionary
2025-10-22 13:38:56,245 - __main__ - INFO - 分解多段线，获得 4 个实体
2025-10-22 13:38:56,324 - __main__ - INFO - 分解多段线，获得 4 个实体
2025-10-22 13:38:57,950 - ezdxf - INFO - did not write header var $INTERFEREOBJVS, value is None.
2025-10-22 13:38:57,951 - ezdxf - INFO - did not write header var $INTERFEREVPVS, value is None.
2025-10-22 13:38:57,999 - werkzeug - INFO - 127.0.0.1 - - [22/Oct/2025 13:38:57] "GET /merge_dxf_files?folder_path=F:\\陈启鸿\\三宝\\10.7\\20厘 HTTP/1.1" 200 -
2025-10-22 17:06:50,380 - werkzeug - INFO - [31m[1mWARNING: This is a development server. Do not use it in a production deployment. Use a production WSGI server instead.[0m
 * Running on all addresses (0.0.0.0)
 * Running on http://127.0.0.1:5302
 * Running on http://192.168.10.205:5302
2025-10-22 17:06:50,381 - werkzeug - INFO - [33mPress CTRL+C to quit[0m
2025-10-22 17:06:50,382 - werkzeug - INFO -  * Restarting with stat
2025-10-22 17:06:51,388 - werkzeug - WARNING -  * Debugger is active!
2025-10-22 17:06:51,390 - werkzeug - INFO -  * Debugger PIN: 953-550-840
2025-10-22 17:09:43,535 - werkzeug - INFO - [31m[1mWARNING: This is a development server. Do not use it in a production deployment. Use a production WSGI server instead.[0m
 * Running on all addresses (0.0.0.0)
 * Running on http://127.0.0.1:5302
 * Running on http://192.168.10.205:5302
2025-10-22 17:09:43,536 - werkzeug - INFO - [33mPress CTRL+C to quit[0m
2025-10-22 17:09:43,537 - werkzeug - INFO -  * Restarting with stat
2025-10-22 17:09:44,394 - werkzeug - WARNING -  * Debugger is active!
2025-10-22 17:09:44,396 - werkzeug - INFO -  * Debugger PIN: 953-550-840
2025-10-22 17:10:07,756 - werkzeug - INFO - 127.0.0.1 - - [22/Oct/2025 17:10:07] "GET /routes HTTP/1.1" 200 -
2025-10-22 17:15:39,066 - werkzeug - INFO - [31m[1mWARNING: This is a development server. Do not use it in a production deployment. Use a production WSGI server instead.[0m
 * Running on all addresses (0.0.0.0)
 * Running on http://127.0.0.1:5302
 * Running on http://192.168.10.205:5302
2025-10-22 17:15:39,066 - werkzeug - INFO - [33mPress CTRL+C to quit[0m
2025-10-22 17:15:39,067 - werkzeug - INFO -  * Restarting with stat
2025-10-22 17:15:40,042 - werkzeug - WARNING -  * Debugger is active!
2025-10-22 17:15:40,045 - werkzeug - INFO -  * Debugger PIN: 953-550-840
2025-10-22 17:16:03,159 - werkzeug - INFO - 127.0.0.1 - - [22/Oct/2025 17:16:03] "GET /routes HTTP/1.1" 200 -
2025-10-22 17:17:23,805 - werkzeug - INFO - [31m[1mWARNING: This is a development server. Do not use it in a production deployment. Use a production WSGI server instead.[0m
 * Running on all addresses (0.0.0.0)
 * Running on http://127.0.0.1:5302
 * Running on http://192.168.10.205:5302
2025-10-22 17:17:23,805 - werkzeug - INFO - [33mPress CTRL+C to quit[0m
2025-10-22 17:17:23,806 - werkzeug - INFO -  * Restarting with stat
2025-10-22 17:17:24,731 - werkzeug - WARNING -  * Debugger is active!
2025-10-22 17:17:24,735 - werkzeug - INFO -  * Debugger PIN: 953-550-840
2025-10-22 17:17:47,888 - werkzeug - INFO - 127.0.0.1 - - [22/Oct/2025 17:17:47] "GET /routes HTTP/1.1" 200 -
2025-10-22 17:19:03,626 - werkzeug - INFO - [31m[1mWARNING: This is a development server. Do not use it in a production deployment. Use a production WSGI server instead.[0m
 * Running on all addresses (0.0.0.0)
 * Running on http://127.0.0.1:5302
 * Running on http://192.168.10.205:5302
2025-10-22 17:19:03,626 - werkzeug - INFO - [33mPress CTRL+C to quit[0m
2025-10-22 17:19:03,627 - werkzeug - INFO -  * Restarting with stat
2025-10-22 17:19:04,529 - werkzeug - WARNING -  * Debugger is active!
2025-10-22 17:19:04,531 - werkzeug - INFO -  * Debugger PIN: 953-550-840
