 * Serving Flask app 'server'
 * Debug mode: on
WARNING: This is a development server. Do not use it in a production deployment. Use a production WSGI server instead.
 * Running on all addresses (0.0.0.0)
 * Running on http://127.0.0.1:5300
 * Running on http://192.168.10.3:5300
Press CTRL+C to quit
 * Restarting with stat
 * Debugger is active!
 * Debugger PIN: 127-181-769
127.0.0.1 - - [07/Oct/2025 16:24:53] "GET /screenshot HTTP/1.1" 500 -
 * Detected change in 'E:\\code\\my_python_server\\cad_server\\server.py', reloading
 * Restarting with stat
 * Debugger is active!
 * Debugger PIN: 127-181-769
127.0.0.1 - - [07/Oct/2025 16:27:36] "GET /screenshot HTTP/1.1" 200 -
 * Detected change in 'E:\\code\\my_python_server\\cad_server\\server.py', reloading
 * Restarting with stat
 * Debugger is active!
 * Debugger PIN: 127-181-769
127.0.0.1 - - [07/Oct/2025 16:29:12] "GET /screenshot/view HTTP/1.1" 200 -
127.0.0.1 - - [07/Oct/2025 16:29:12] "GET /favicon.ico HTTP/1.1" 404 -
 * Detected change in 'E:\\code\\my_python_server\\cad_server\\server.py', reloading
 * Restarting with stat
 * Debugger is active!
 * Debugger PIN: 127-181-769
 * Detected change in 'E:\\code\\my_python_server\\cad_server\\server.py', reloading
 * Restarting with stat
 * Debugger is active!
 * Debugger PIN: 127-181-769
 * Detected change in 'E:\\code\\my_python_server\\cad_server\\server.py', reloading
 * Restarting with stat
 * Debugger is active!
 * Debugger PIN: 127-181-769
127.0.0.1 - - [07/Oct/2025 16:32:37] "GET /screenshot/view HTTP/1.1" 200 -
 * Detected change in 'E:\\code\\my_python_server\\cad_server\\server.py', reloading
 * Restarting with stat
 * Debugger is active!
 * Debugger PIN: 127-181-769
 * Detected change in 'E:\\code\\my_python_server\\cad_server\\server.py', reloading
 * Restarting with stat
 * Debugger is active!
 * Debugger PIN: 127-181-769
 * Detected change in 'E:\\code\\my_python_server\\cad_server\\server.py', reloading
 * Restarting with stat
 * Debugger is active!
 * Debugger PIN: 127-181-769
127.0.0.1 - - [07/Oct/2025 16:38:29] "GET /screenshot/view HTTP/1.1" 200 -
 * Detected change in 'E:\\code\\my_python_server\\cad_server\\server.py', reloading
 * Restarting with stat
 * Debugger is active!
 * Debugger PIN: 127-181-769
 * Detected change in 'E:\\code\\my_python_server\\cad_server\\server.py', reloading
 * Restarting with stat
 * Debugger is active!
 * Debugger PIN: 127-181-769
 * Detected change in 'E:\\code\\my_python_server\\cad_server\\server.py', reloading
 * Restarting with stat
 * Debugger is active!
 * Debugger PIN: 127-181-769
 * Detected change in 'E:\\code\\my_python_server\\cad_server\\server.py', reloading
 * Restarting with stat
 * Debugger is active!
 * Debugger PIN: 127-181-769
 * Detected change in 'E:\\code\\my_python_server\\cad_server\\server.py', reloading
 * Restarting with stat
 * Debugger is active!
 * Debugger PIN: 127-181-769
127.0.0.1 - - [07/Oct/2025 16:41:47] "GET /screenshot/view HTTP/1.1" 404 -
127.0.0.1 - - [07/Oct/2025 16:42:05] "GET /screenshot/region HTTP/1.1" 500 -
 * Detected change in 'E:\\code\\my_python_server\\cad_server\\server.py', reloading
 * Restarting with stat
 * Debugger is active!
 * Debugger PIN: 127-181-769
127.0.0.1 - - [07/Oct/2025 16:44:28] "GET /screenshot/region HTTP/1.1" 200 -
 * Detected change in 'E:\\code\\my_python_server\\cad_server\\server.py', reloading
 * Restarting with stat
 * Debugger is active!
 * Debugger PIN: 127-181-769
127.0.0.1 - - [07/Oct/2025 16:45:40] "GET /screenshot/region HTTP/1.1" 200 -
 * Detected change in 'E:\\code\\my_python_server\\cad_server\\server.py', reloading
 * Restarting with stat
 * Debugger is active!
 * Debugger PIN: 127-181-769
127.0.0.1 - - [07/Oct/2025 16:45:55] "GET /screenshot/region HTTP/1.1" 200 -
 * Detected change in 'E:\\code\\my_python_server\\cad_server\\server.py', reloading
 * Restarting with stat
 * Debugger is active!
 * Debugger PIN: 127-181-769
127.0.0.1 - - [07/Oct/2025 16:46:11] "GET /screenshot/region HTTP/1.1" 200 -
127.0.0.1 - - [07/Oct/2025 16:46:32] "GET /screenshot/region HTTP/1.1" 200 -
 * Detected change in 'E:\\code\\my_python_server\\cad_server\\server.py', reloading
 * Restarting with stat
 * Debugger is active!
 * Debugger PIN: 127-181-769
127.0.0.1 - - [07/Oct/2025 16:46:40] "GET /screenshot/region HTTP/1.1" 200 -
 * Detected change in 'E:\\code\\my_python_server\\cad_server\\server.py', reloading
 * Restarting with stat
 * Debugger is active!
 * Debugger PIN: 127-181-769
127.0.0.1 - - [07/Oct/2025 16:46:48] "GET /screenshot/region HTTP/1.1" 200 -
127.0.0.1 - - [07/Oct/2025 16:48:56] "GET /screenshot/region HTTP/1.1" 200 -
