'name' table stringOffset incorrect. Expected: 222; Actual: 224
cannot open font 'C:\WINDOWS\Fonts\mstmc.ttf': Not a TrueType or OpenType font (bad sfntVersion)
 * Serving Flask app 'readdxf'
 * Debug mode: on
WARNING: This is a development server. Do not use it in a production deployment. Use a production WSGI server instead.
 * Running on all addresses (0.0.0.0)
 * Running on http://127.0.0.1:5301
 * Running on http://192.168.100.199:5301
Press CTRL+C to quit
 * Restarting with stat
 * Debugger is active!
 * Debugger PIN: 117-474-009
127.0.0.1 - - [20/Oct/2025 20:46:00] "GET /objects/signatures?dxf_path=E:\\code\\cad_ppo\\dataset\\label\\1.dxf HTTP/1.1" 200 -
127.0.0.1 - - [20/Oct/2025 20:46:04] "GET /highlight_random?dxf_path=E:\\code\\cad_ppo\\dataset\\train\\1.dxf HTTP/1.1" 200 -
127.0.0.1 - - [20/Oct/2025 20:46:06] "GET /highlight_random?dxf_path=E:\\code\\cad_ppo\\dataset\\train\\1.dxf HTTP/1.1" 200 -
127.0.0.1 - - [20/Oct/2025 20:46:09] "GET /highlight_random?dxf_path=E:\\code\\cad_ppo\\dataset\\train\\1.dxf HTTP/1.1" 200 -
127.0.0.1 - - [20/Oct/2025 20:46:11] "GET /highlight_random?dxf_path=E:\\code\\cad_ppo\\dataset\\train\\1.dxf HTTP/1.1" 200 -
127.0.0.1 - - [20/Oct/2025 20:46:13] "GET /highlight_random?dxf_path=E:\\code\\cad_ppo\\dataset\\train\\1.dxf HTTP/1.1" 200 -
127.0.0.1 - - [20/Oct/2025 20:48:15] "GET /objects/signatures?dxf_path=E:\\code\\cad_ppo\\dataset\\label\\1.dxf HTTP/1.1" 200 -
127.0.0.1 - - [20/Oct/2025 20:48:18] "GET /highlight_random?dxf_path=E:\\code\\cad_ppo\\dataset\\train\\1.dxf HTTP/1.1" 200 -
127.0.0.1 - - [20/Oct/2025 20:48:21] "GET /highlight_random?dxf_path=E:\\code\\cad_ppo\\dataset\\train\\1.dxf HTTP/1.1" 200 -
127.0.0.1 - - [20/Oct/2025 20:48:23] "GET /highlight_random?dxf_path=E:\\code\\cad_ppo\\dataset\\train\\1.dxf HTTP/1.1" 200 -
127.0.0.1 - - [20/Oct/2025 20:48:25] "GET /highlight_random?dxf_path=E:\\code\\cad_ppo\\dataset\\train\\1.dxf HTTP/1.1" 200 -
127.0.0.1 - - [20/Oct/2025 20:48:27] "GET /highlight_random?dxf_path=E:\\code\\cad_ppo\\dataset\\train\\1.dxf HTTP/1.1" 200 -
127.0.0.1 - - [20/Oct/2025 20:48:29] "GET /highlight_random?dxf_path=E:\\code\\cad_ppo\\dataset\\train\\1.dxf HTTP/1.1" 200 -
127.0.0.1 - - [20/Oct/2025 20:48:31] "GET /highlight_random?dxf_path=E:\\code\\cad_ppo\\dataset\\train\\1.dxf HTTP/1.1" 200 -
127.0.0.1 - - [20/Oct/2025 20:48:34] "GET /highlight_random?dxf_path=E:\\code\\cad_ppo\\dataset\\train\\1.dxf HTTP/1.1" 200 -
127.0.0.1 - - [20/Oct/2025 20:49:01] "GET /objects/signatures?dxf_path=E:\\code\\cad_ppo\\dataset\\label\\1.dxf HTTP/1.1" 200 -
127.0.0.1 - - [20/Oct/2025 20:49:04] "GET /highlight_random?dxf_path=E:\\code\\cad_ppo\\dataset\\train\\1.dxf HTTP/1.1" 200 -
127.0.0.1 - - [20/Oct/2025 20:49:07] "GET /highlight_random?dxf_path=E:\\code\\cad_ppo\\dataset\\train\\1.dxf HTTP/1.1" 200 -
127.0.0.1 - - [20/Oct/2025 20:49:09] "GET /highlight_random?dxf_path=E:\\code\\cad_ppo\\dataset\\train\\1.dxf HTTP/1.1" 200 -
127.0.0.1 - - [20/Oct/2025 20:49:11] "GET /highlight_random?dxf_path=E:\\code\\cad_ppo\\dataset\\train\\1.dxf HTTP/1.1" 200 -
127.0.0.1 - - [20/Oct/2025 20:49:13] "GET /highlight_random?dxf_path=E:\\code\\cad_ppo\\dataset\\train\\1.dxf HTTP/1.1" 200 -
127.0.0.1 - - [20/Oct/2025 20:49:15] "GET /highlight_random?dxf_path=E:\\code\\cad_ppo\\dataset\\train\\1.dxf HTTP/1.1" 200 -
127.0.0.1 - - [20/Oct/2025 20:49:18] "GET /highlight_random?dxf_path=E:\\code\\cad_ppo\\dataset\\train\\1.dxf HTTP/1.1" 200 -
127.0.0.1 - - [20/Oct/2025 20:49:20] "GET /highlight_random?dxf_path=E:\\code\\cad_ppo\\dataset\\train\\1.dxf HTTP/1.1" 200 -
127.0.0.1 - - [20/Oct/2025 20:49:22] "GET /highlight_random?dxf_path=E:\\code\\cad_ppo\\dataset\\train\\1.dxf HTTP/1.1" 200 -
127.0.0.1 - - [20/Oct/2025 20:49:24] "GET /highlight_random?dxf_path=E:\\code\\cad_ppo\\dataset\\train\\1.dxf HTTP/1.1" 200 -
未处理的实体类型: TEXT
未处理的实体类型: TEXT
未处理的实体类型: TEXT
未处理的实体类型: TEXT
未处理的实体类型: TEXT
未处理的实体类型: TEXT
未处理的实体类型: TEXT
未处理的实体类型: POINT
未处理的实体类型: POINT
未处理的实体类型: TEXT
未处理的实体类型: POINT
未处理的实体类型: POINT
未处理的实体类型: TEXT
未处理的实体类型: POINT
未处理的实体类型: POINT
未处理的实体类型: TEXT
未处理的实体类型: POINT
未处理的实体类型: POINT
未处理的实体类型: TEXT
未处理的实体类型: POINT
未处理的实体类型: POINT
未处理的实体类型: TEXT
未处理的实体类型: POINT
未处理的实体类型: POINT
未处理的实体类型: TEXT
未处理的实体类型: POINT
未处理的实体类型: POINT
未处理的实体类型: TEXT
未处理的实体类型: TEXT
未处理的实体类型: TEXT
未处理的实体类型: TEXT
未处理的实体类型: TEXT
未处理的实体类型: TEXT
未处理的实体类型: TEXT
未处理的实体类型: TEXT
未处理的实体类型: POINT
未处理的实体类型: POINT
未处理的实体类型: TEXT
未处理的实体类型: POINT
未处理的实体类型: POINT
未处理的实体类型: TEXT
未处理的实体类型: POINT
未处理的实体类型: POINT
未处理的实体类型: TEXT
未处理的实体类型: POINT
未处理的实体类型: POINT
未处理的实体类型: TEXT
未处理的实体类型: POINT
未处理的实体类型: POINT
未处理的实体类型: TEXT
未处理的实体类型: POINT
未处理的实体类型: POINT
未处理的实体类型: TEXT
未处理的实体类型: POINT
未处理的实体类型: POINT
未处理的实体类型: TEXT
未处理的实体类型: TEXT
未处理的实体类型: TEXT
未处理的实体类型: TEXT
未处理的实体类型: TEXT
未处理的实体类型: TEXT
未处理的实体类型: TEXT
未处理的实体类型: TEXT
未处理的实体类型: POINT
未处理的实体类型: POINT
未处理的实体类型: TEXT
未处理的实体类型: POINT
未处理的实体类型: POINT
未处理的实体类型: TEXT
未处理的实体类型: POINT
未处理的实体类型: POINT
未处理的实体类型: TEXT
未处理的实体类型: POINT
未处理的实体类型: POINT
未处理的实体类型: TEXT
未处理的实体类型: POINT
未处理的实体类型: POINT
未处理的实体类型: TEXT
未处理的实体类型: POINT
未处理的实体类型: POINT
未处理的实体类型: TEXT
未处理的实体类型: POINT
未处理的实体类型: POINT
未处理的实体类型: TEXT
未处理的实体类型: TEXT
未处理的实体类型: TEXT
未处理的实体类型: TEXT
未处理的实体类型: TEXT
未处理的实体类型: TEXT
未处理的实体类型: TEXT
未处理的实体类型: TEXT
未处理的实体类型: POINT
未处理的实体类型: POINT
未处理的实体类型: TEXT
未处理的实体类型: POINT
未处理的实体类型: POINT
未处理的实体类型: TEXT
未处理的实体类型: POINT
未处理的实体类型: POINT
未处理的实体类型: TEXT
未处理的实体类型: POINT
未处理的实体类型: POINT
未处理的实体类型: TEXT
未处理的实体类型: POINT
未处理的实体类型: POINT
未处理的实体类型: TEXT
未处理的实体类型: POINT
未处理的实体类型: POINT
未处理的实体类型: TEXT
未处理的实体类型: POINT
未处理的实体类型: POINT
未处理的实体类型: TEXT
未处理的实体类型: TEXT
未处理的实体类型: TEXT
未处理的实体类型: TEXT
未处理的实体类型: TEXT
未处理的实体类型: TEXT
未处理的实体类型: TEXT
未处理的实体类型: TEXT
未处理的实体类型: POINT
未处理的实体类型: POINT
未处理的实体类型: TEXT
未处理的实体类型: POINT
未处理的实体类型: POINT
未处理的实体类型: TEXT
未处理的实体类型: POINT
未处理的实体类型: POINT
未处理的实体类型: TEXT
未处理的实体类型: POINT
未处理的实体类型: POINT
未处理的实体类型: TEXT
未处理的实体类型: POINT
未处理的实体类型: POINT
未处理的实体类型: TEXT
未处理的实体类型: POINT
未处理的实体类型: POINT
未处理的实体类型: TEXT
未处理的实体类型: POINT
未处理的实体类型: POINT
未处理的实体类型: TEXT
从索引中获取签名: E:\code\cad_ppo\dataset\label\1.dxf
未处理的实体类型: TEXT
未处理的实体类型: TEXT
未处理的实体类型: TEXT
未处理的实体类型: TEXT
未处理的实体类型: TEXT
未处理的实体类型: TEXT
未处理的实体类型: TEXT
未处理的实体类型: POINT
未处理的实体类型: POINT
未处理的实体类型: TEXT
未处理的实体类型: POINT
未处理的实体类型: POINT
未处理的实体类型: TEXT
未处理的实体类型: POINT
未处理的实体类型: POINT
未处理的实体类型: TEXT
未处理的实体类型: POINT
未处理的实体类型: POINT
未处理的实体类型: TEXT
未处理的实体类型: POINT
未处理的实体类型: POINT
未处理的实体类型: TEXT
未处理的实体类型: POINT
未处理的实体类型: POINT
未处理的实体类型: TEXT
未处理的实体类型: POINT
未处理的实体类型: POINT
未处理的实体类型: TEXT
未处理的实体类型: TEXT
未处理的实体类型: TEXT
未处理的实体类型: TEXT
未处理的实体类型: TEXT
未处理的实体类型: TEXT
未处理的实体类型: TEXT
未处理的实体类型: TEXT
未处理的实体类型: POINT
未处理的实体类型: POINT
未处理的实体类型: TEXT
未处理的实体类型: POINT
未处理的实体类型: POINT
未处理的实体类型: TEXT
未处理的实体类型: POINT
未处理的实体类型: POINT
未处理的实体类型: TEXT
未处理的实体类型: POINT
未处理的实体类型: POINT
未处理的实体类型: TEXT
未处理的实体类型: POINT
未处理的实体类型: POINT
未处理的实体类型: TEXT
未处理的实体类型: POINT
未处理的实体类型: POINT
未处理的实体类型: TEXT
未处理的实体类型: POINT
未处理的实体类型: POINT
未处理的实体类型: TEXT
未处理的实体类型: TEXT
未处理的实体类型: TEXT
未处理的实体类型: TEXT
未处理的实体类型: TEXT
未处理的实体类型: TEXT
未处理的实体类型: TEXT
未处理的实体类型: TEXT
未处理的实体类型: POINT
未处理的实体类型: POINT
未处理的实体类型: TEXT
未处理的实体类型: POINT
未处理的实体类型: POINT
未处理的实体类型: TEXT
未处理的实体类型: POINT
未处理的实体类型: POINT
未处理的实体类型: TEXT
未处理的实体类型: POINT
未处理的实体类型: POINT
未处理的实体类型: TEXT
未处理的实体类型: POINT
未处理的实体类型: POINT
未处理的实体类型: TEXT
未处理的实体类型: POINT
未处理的实体类型: POINT
未处理的实体类型: TEXT
未处理的实体类型: POINT
未处理的实体类型: POINT
未处理的实体类型: TEXT
未处理的实体类型: TEXT
未处理的实体类型: TEXT
未处理的实体类型: TEXT
未处理的实体类型: TEXT
未处理的实体类型: TEXT
未处理的实体类型: TEXT
未处理的实体类型: TEXT
未处理的实体类型: POINT
未处理的实体类型: POINT
未处理的实体类型: TEXT
未处理的实体类型: POINT
未处理的实体类型: POINT
未处理的实体类型: TEXT
未处理的实体类型: POINT
未处理的实体类型: POINT
未处理的实体类型: TEXT
未处理的实体类型: POINT
未处理的实体类型: POINT
未处理的实体类型: TEXT
未处理的实体类型: POINT
未处理的实体类型: POINT
未处理的实体类型: TEXT
未处理的实体类型: POINT
未处理的实体类型: POINT
未处理的实体类型: TEXT
未处理的实体类型: POINT
未处理的实体类型: POINT
未处理的实体类型: TEXT
未处理的实体类型: TEXT
未处理的实体类型: TEXT
未处理的实体类型: TEXT
未处理的实体类型: TEXT
未处理的实体类型: TEXT
未处理的实体类型: TEXT
未处理的实体类型: TEXT
未处理的实体类型: POINT
未处理的实体类型: POINT
未处理的实体类型: TEXT
未处理的实体类型: POINT
未处理的实体类型: POINT
未处理的实体类型: TEXT
未处理的实体类型: POINT
未处理的实体类型: POINT
未处理的实体类型: TEXT
未处理的实体类型: POINT
未处理的实体类型: POINT
未处理的实体类型: TEXT
未处理的实体类型: POINT
未处理的实体类型: POINT
未处理的实体类型: TEXT
未处理的实体类型: POINT
未处理的实体类型: POINT
未处理的实体类型: TEXT
未处理的实体类型: POINT
未处理的实体类型: POINT
未处理的实体类型: TEXT
未处理的实体类型: TEXT
未处理的实体类型: TEXT
未处理的实体类型: TEXT
未处理的实体类型: TEXT
未处理的实体类型: TEXT
未处理的实体类型: TEXT
未处理的实体类型: TEXT
未处理的实体类型: POINT
未处理的实体类型: POINT
未处理的实体类型: TEXT
未处理的实体类型: POINT
未处理的实体类型: POINT
未处理的实体类型: TEXT
未处理的实体类型: POINT
未处理的实体类型: POINT
未处理的实体类型: TEXT
未处理的实体类型: POINT
未处理的实体类型: POINT
未处理的实体类型: TEXT
未处理的实体类型: POINT
未处理的实体类型: POINT
未处理的实体类型: TEXT
未处理的实体类型: POINT
未处理的实体类型: POINT
未处理的实体类型: TEXT
未处理的实体类型: POINT
未处理的实体类型: POINT
未处理的实体类型: TEXT
未处理的实体类型: TEXT
未处理的实体类型: TEXT
未处理的实体类型: TEXT
未处理的实体类型: TEXT
未处理的实体类型: TEXT
未处理的实体类型: TEXT
未处理的实体类型: TEXT
未处理的实体类型: POINT
未处理的实体类型: POINT
未处理的实体类型: TEXT
未处理的实体类型: POINT
未处理的实体类型: POINT
未处理的实体类型: TEXT
未处理的实体类型: POINT
未处理的实体类型: POINT
未处理的实体类型: TEXT
未处理的实体类型: POINT
未处理的实体类型: POINT
未处理的实体类型: TEXT
未处理的实体类型: POINT
未处理的实体类型: POINT
未处理的实体类型: TEXT
未处理的实体类型: POINT
未处理的实体类型: POINT
127.0.0.1 - - [20/Oct/2025 20:49:26] "GET /highlight_random?dxf_path=E:\\code\\cad_ppo\\dataset\\train\\1.dxf HTTP/1.1" 200 -
 * Detected change in 'E:\\code\\my_python_server\\ezdxf_server\\readdxf.py', reloading
未处理的实体类型: TEXT
未处理的实体类型: POINT
未处理的实体类型: POINT
未处理的实体类型: TEXT
未处理的实体类型: TEXT
未处理的实体类型: TEXT
未处理的实体类型: TEXT
未处理的实体类型: TEXT
未处理的实体类型: TEXT
未处理的实体类型: TEXT
未处理的实体类型: TEXT
未处理的实体类型: POINT
未处理的实体类型: POINT
未处理的实体类型: TEXT
未处理的实体类型: POINT
未处理的实体类型: POINT
未处理的实体类型: TEXT
未处理的实体类型: POINT
未处理的实体类型: POINT
未处理的实体类型: TEXT
未处理的实体类型: POINT
未处理的实体类型: POINT
未处理的实体类型: TEXT
未处理的实体类型: POINT
未处理的实体类型: POINT
未处理的实体类型: TEXT
未处理的实体类型: POINT
未处理的实体类型: POINT
未处理的实体类型: TEXT
未处理的实体类型: POINT
未处理的实体类型: POINT
未处理的实体类型: TEXT
从索引中获取签名: E:\code\cad_ppo\dataset\label\1.dxf
未处理的实体类型: TEXT
未处理的实体类型: TEXT
未处理的实体类型: TEXT
未处理的实体类型: TEXT
未处理的实体类型: TEXT
未处理的实体类型: TEXT
未处理的实体类型: TEXT
未处理的实体类型: POINT
未处理的实体类型: POINT
未处理的实体类型: TEXT
未处理的实体类型: POINT
未处理的实体类型: POINT
未处理的实体类型: TEXT
未处理的实体类型: POINT
未处理的实体类型: POINT
未处理的实体类型: TEXT
未处理的实体类型: POINT
未处理的实体类型: POINT
未处理的实体类型: TEXT
未处理的实体类型: POINT
未处理的实体类型: POINT
未处理的实体类型: TEXT
未处理的实体类型: POINT
未处理的实体类型: POINT
未处理的实体类型: TEXT
未处理的实体类型: POINT
未处理的实体类型: POINT
未处理的实体类型: TEXT
未处理的实体类型: TEXT
未处理的实体类型: TEXT
未处理的实体类型: TEXT
未处理的实体类型: TEXT
未处理的实体类型: TEXT
未处理的实体类型: TEXT
未处理的实体类型: TEXT
未处理的实体类型: POINT
未处理的实体类型: POINT
未处理的实体类型: TEXT
未处理的实体类型: POINT
未处理的实体类型: POINT
未处理的实体类型: TEXT
未处理的实体类型: POINT
未处理的实体类型: POINT
未处理的实体类型: TEXT
未处理的实体类型: POINT
未处理的实体类型: POINT
未处理的实体类型: TEXT
未处理的实体类型: POINT
未处理的实体类型: POINT
未处理的实体类型: TEXT
未处理的实体类型: POINT
未处理的实体类型: POINT
未处理的实体类型: TEXT
未处理的实体类型: POINT
未处理的实体类型: POINT
未处理的实体类型: TEXT
未处理的实体类型: TEXT
未处理的实体类型: TEXT
未处理的实体类型: TEXT
未处理的实体类型: TEXT
未处理的实体类型: TEXT
未处理的实体类型: TEXT
未处理的实体类型: TEXT
未处理的实体类型: POINT
未处理的实体类型: POINT
未处理的实体类型: TEXT
未处理的实体类型: POINT
未处理的实体类型: POINT
未处理的实体类型: TEXT
未处理的实体类型: POINT
未处理的实体类型: POINT
未处理的实体类型: TEXT
未处理的实体类型: POINT
未处理的实体类型: POINT
未处理的实体类型: TEXT
未处理的实体类型: POINT
未处理的实体类型: POINT
未处理的实体类型: TEXT
未处理的实体类型: POINT
未处理的实体类型: POINT
未处理的实体类型: TEXT
未处理的实体类型: POINT
未处理的实体类型: POINT
未处理的实体类型: TEXT
未处理的实体类型: TEXT
未处理的实体类型: TEXT
未处理的实体类型: TEXT
未处理的实体类型: TEXT
未处理的实体类型: TEXT
未处理的实体类型: TEXT
未处理的实体类型: TEXT
未处理的实体类型: POINT
未处理的实体类型: POINT
未处理的实体类型: TEXT
未处理的实体类型: POINT
未处理的实体类型: POINT
未处理的实体类型: TEXT
未处理的实体类型: POINT
未处理的实体类型: POINT
未处理的实体类型: TEXT
未处理的实体类型: POINT
未处理的实体类型: POINT
未处理的实体类型: TEXT
未处理的实体类型: POINT
未处理的实体类型: POINT
未处理的实体类型: TEXT
未处理的实体类型: POINT
未处理的实体类型: POINT
未处理的实体类型: TEXT
未处理的实体类型: POINT
未处理的实体类型: POINT
未处理的实体类型: TEXT
未处理的实体类型: TEXT
未处理的实体类型: TEXT
未处理的实体类型: TEXT
未处理的实体类型: TEXT
未处理的实体类型: TEXT
未处理的实体类型: TEXT
未处理的实体类型: TEXT
未处理的实体类型: POINT
未处理的实体类型: POINT
未处理的实体类型: TEXT
未处理的实体类型: POINT
未处理的实体类型: POINT
未处理的实体类型: TEXT
未处理的实体类型: POINT
未处理的实体类型: POINT
未处理的实体类型: TEXT
未处理的实体类型: POINT
未处理的实体类型: POINT
未处理的实体类型: TEXT
未处理的实体类型: POINT
未处理的实体类型: POINT
未处理的实体类型: TEXT
未处理的实体类型: POINT
未处理的实体类型: POINT
未处理的实体类型: TEXT
未处理的实体类型: POINT
未处理的实体类型: POINT
未处理的实体类型: TEXT
未处理的实体类型: TEXT
未处理的实体类型: TEXT
未处理的实体类型: TEXT
未处理的实体类型: TEXT
未处理的实体类型: TEXT
未处理的实体类型: TEXT
未处理的实体类型: TEXT
未处理的实体类型: POINT
未处理的实体类型: POINT
未处理的实体类型: TEXT
未处理的实体类型: POINT
未处理的实体类型: POINT
未处理的实体类型: TEXT
未处理的实体类型: POINT
未处理的实体类型: POINT
未处理的实体类型: TEXT
未处理的实体类型: POINT
未处理的实体类型: POINT
未处理的实体类型: TEXT
未处理的实体类型: POINT
未处理的实体类型: POINT
未处理的实体类型: TEXT
未处理的实体类型: POINT
未处理的实体类型: POINT
未处理的实体类型: TEXT
未处理的实体类型: POINT
未处理的实体类型: POINT
未处理的实体类型: TEXT
未处理的实体类型: TEXT
未处理的实体类型: TEXT
未处理的实体类型: TEXT
未处理的实体类型: TEXT
未处理的实体类型: TEXT
未处理的实体类型: TEXT
未处理的实体类型: TEXT
未处理的实体类型: POINT
未处理的实体类型: POINT
未处理的实体类型: TEXT
未处理的实体类型: POINT
未处理的实体类型: POINT
未处理的实体类型: TEXT
未处理的实体类型: POINT
未处理的实体类型: POINT
未处理的实体类型: TEXT
未处理的实体类型: POINT
未处理的实体类型: POINT
未处理的实体类型: TEXT
未处理的实体类型: POINT
未处理的实体类型: POINT
未处理的实体类型: TEXT
未处理的实体类型: POINT
未处理的实体类型: POINT
未处理的实体类型: TEXT
未处理的实体类型: POINT
未处理的实体类型: POINT
未处理的实体类型: TEXT
未处理的实体类型: TEXT
未处理的实体类型: TEXT
未处理的实体类型: TEXT
未处理的实体类型: TEXT
未处理的实体类型: TEXT
未处理的实体类型: TEXT
未处理的实体类型: TEXT
未处理的实体类型: POINT
未处理的实体类型: POINT
未处理的实体类型: TEXT
未处理的实体类型: POINT
未处理的实体类型: POINT
未处理的实体类型: TEXT
未处理的实体类型: POINT
未处理的实体类型: POINT
未处理的实体类型: TEXT
未处理的实体类型: POINT
未处理的实体类型: POINT
未处理的实体类型: TEXT
未处理的实体类型: POINT
未处理的实体类型: POINT
未处理的实体类型: TEXT
未处理的实体类型: POINT
未处理的实体类型: POINT
未处理的实体类型: TEXT
未处理的实体类型: POINT
未处理的实体类型: POINT
未处理的实体类型: TEXT
未处理的实体类型: TEXT
未处理的实体类型: TEXT
未处理的实体类型: TEXT
未处理的实体类型: TEXT
未处理的实体类型: TEXT
未处理的实体类型: TEXT
未处理的实体类型: TEXT
未处理的实体类型: POINT
未处理的实体类型: POINT
未处理的实体类型: TEXT
未处理的实体类型: POINT
未处理的实体类型: POINT
未处理的实体类型: TEXT
未处理的实体类型: POINT
未处理的实体类型: POINT
未处理的实体类型: TEXT
未处理的实体类型: POINT
未处理的实体类型: POINT
未处理的实体类型: TEXT
未处理的实体类型: POINT
未处理的实体类型: POINT
未处理的实体类型: TEXT
未处理的实体类型: POINT
未处理的实体类型: POINT
未处理的实体类型: TEXT
未处理的实体类型: POINT
未处理的实体类型: POINT
未处理的实体类型: TEXT
未处理的实体类型: TEXT
未处理的实体类型: TEXT
未处理的实体类型: TEXT
未处理的实体类型: TEXT
未处理的实体类型: TEXT
未处理的实体类型: TEXT
未处理的实体类型: TEXT
未处理的实体类型: POINT
未处理的实体类型: POINT
未处理的实体类型: TEXT
未处理的实体类型: POINT
未处理的实体类型: POINT
未处理的实体类型: TEXT
未处理的实体类型: POINT
未处理的实体类型: POINT
未处理的实体类型: TEXT
未处理的实体类型: POINT
未处理的实体类型: POINT
未处理的实体类型: TEXT
未处理的实体类型: POINT
未处理的实体类型: POINT
未处理的实体类型: TEXT
未处理的实体类型: POINT
未处理的实体类型: POINT
未处理的实体类型: TEXT
未处理的实体类型: POINT
未处理的实体类型: POINT
未处理的实体类型: TEXT
未处理的实体类型: TEXT
未处理的实体类型: TEXT
未处理的实体类型: TEXT
未处理的实体类型: TEXT
未处理的实体类型: TEXT
未处理的实体类型: TEXT
未处理的实体类型: TEXT
未处理的实体类型: POINT
未处理的实体类型: POINT
未处理的实体类型: TEXT
未处理的实体类型: POINT
未处理的实体类型: POINT
未处理的实体类型: TEXT
未处理的实体类型: POINT
未处理的实体类型: POINT
未处理的实体类型: TEXT
未处理的实体类型: POINT
未处理的实体类型: POINT
未处理的实体类型: TEXT
未处理的实体类型: POINT
未处理的实体类型: POINT
未处理的实体类型: TEXT
未处理的实体类型: POINT
未处理的实体类型: POINT
未处理的实体类型: TEXT
未处理的实体类型: POINT
未处理的实体类型: POINT
未处理的实体类型: TEXT
 * Restarting with stat
 * Debugger is active!
 * Debugger PIN: 117-474-009
 * Detected change in 'E:\\code\\my_python_server\\ezdxf_server\\base_server.py', reloading
 * Restarting with stat
 * Debugger is active!
 * Debugger PIN: 117-474-009
 * Detected change in 'E:\\code\\my_python_server\\ezdxf_server\\readdxf.py', reloading
 * Restarting with stat
 * Debugger is active!
 * Debugger PIN: 117-474-009
 * Detected change in 'E:\\code\\my_python_server\\ezdxf_server\\base_server.py', reloading
 * Restarting with stat
E:\code\my_python_server\micromambavenv\python.exe: can't open file 'E:\\code\\my_python_server\\ezdxf_server\\readdxf.py': [Errno 2] No such file or directory
