 * Serving Flask app 'get_thick_part_json'
 * Debug mode: on
INFO:werkzeug:[31m[1mWARNING: This is a development server. Do not use it in a production deployment. Use a production WSGI server instead.[0m
 * Running on all addresses (0.0.0.0)
 * Running on http://127.0.0.1:5001
 * Running on http://192.168.10.205:5001
INFO:werkzeug:[33mPress CTRL+C to quit[0m
INFO:werkzeug: * Restarting with stat
WARNING:werkzeug: * Debugger is active!
INFO:werkzeug: * Debugger PIN: 127-181-769
INFO:__main__:提取到的JSON内容: [
  {
    "part_name": "达昊11K-14PL8x100X240=1件",
    "长度": "240",
    "宽度": "100",
    "数量": "1",
    "类型": "钢板",
    "thickness": "8"
  },
  {
    "part_name": "达昊11K-60PL8x85X250=1件",
    "长度": "250",
    "宽度": "85",
    "数量": "1",
    "类型": "钢板",
    "thickness": "8"
  },
  {
    "part_name": "达昊11K-61PL8x85X250=102件",
    "长度": "250",
    "宽度": "85",
    "数量": "102",
    "类型": "钢板",
    "thickness": "8"
  },
  {
    "part_name": "达昊11K-62PL8x85X230=12件",
    "长度": "230",
    "宽度": "85",
    "数量": "12",
    "类型": "钢板",
    "thickness": "8"
  },
  {
    "part_name": "达昊11K-64PL8x85X250=37件",
    "长度": "250",
    "宽度": "85",
    "数量": "37",
    "类型": "钢板",
    "thickness": "8"
  },
  {
    "part_name": "达昊11K-70PL8x85X250=2件",
    "长度": "250",
    "宽度": "85",
    "数量": "2",
    "类型": "钢板",
    "thickness": "8"
  },
  {
    "part_name": "达昊12K-9PL8x200X240=1件",
    "长度": "240",
    "宽度": "200",
    "数量": "1",
    "类型": "钢板",
    "thickness": "8"
  },
  {
    "part_name": "达昊12K-10PL8x85X230=2件",
    "长度": "230",
    "宽度": "85",
    "数量": "2",
    "类型": "钢板",
    "thickness": "8"
  },
  {
    "part_name": "达昊12K-12PL8x85X250=36件",
    "长度": "250",
    "宽度": "85",
    "数量": "36",
    "类型": "钢板",
    "thickness": "8"
  },
  {
    "part_name": "达昊12K-13PL8x85X230=18件",
    "长度": "230",
    "宽度": "85",
    "数量": "18",
    "类型": "钢板",
    "thickness": "8"
  },
  {
    "part_name": "达昊12K-34PL8x85X250=1件",
    "长度": "250",
    "宽度": "85",
    "数量": "1",
    "类型": "钢板",
    "thickness": "8"
  },
  {
    "part_name": "达昊12K-35PL8x85X250=41件",
    "长度": "250",
    "宽度": "85",
    "数量": "41",
    "类型": "钢板",
    "thickness": "8"
  },
  {
    "part_name": "达昊12K-36PL8x85X230=6件",
    "长度": "230",
    "宽度": "85",
    "数量": "6",
    "类型": "钢板",
    "thickness": "8"
  },
  {
    "part_name": "达昊21K-9PL8x100X240=1件",
    "长度": "240",
    "宽度": "100",
    "数量": "1",
    "类型": "钢板",
    "thickness": "8"
  },
  {
    "part_name": "达昊21K-25PL8x190X230=1件",
    "长度": "230",
    "宽度": "190",
    "数量": "1",
    "类型": "钢板",
    "thickness": "8"
  },
  {
    "part_name": "达昊21K-57PL8x85X230=14件",
    "长度": "230",
    "宽度": "85",
    "数量": "14",
    "类型": "钢板",
    "thickness": "8"
  },
  {
    "part_name": "达昊21K-58PL8x85X250=96件",
    "长度": "250",
    "宽度": "85",
    "数量": "96",
    "类型": "钢板",
    "thickness": "8"
  },
  {
    "part_name": "达昊21K-61PL8x85X250=37件",
    "长度": "250",
    "宽度": "85",
    "数量": "37",
    "类型": "钢板",
    "thickness": "8"
  },
  {
    "part_name": "达昊21K-67PL8x85X250=3件",
    "长度": "250",
    "宽度": "85",
    "数量": "3",
    "类型": "钢板",
    "thickness": "8"
  },
  {
    "part_name": "达昊22K-27PL8x85X230=22件",
    "长度": "230",
    "宽度": "85",
    "数量": "22",
    "类型": "钢板",
    "thickness": "8"
  },
  {
    "part_name": "达昊22K-35PL8x85X250=34件",
    "长度": "250",
    "宽度": "85",
    "数量": "34",
    "类型": "钢板",
    "thickness": "8"
  },
  {
    "part_name": "达昊22K-36PL8x240X250=1件",
    "长度": "250",
    "宽度": "240",
    "数量": "1",
    "类型": "钢板",
    "thickness": "8"
  },
  {
    "part_name": "达昊22K-38PL8x85X250=44件",
    "长度": "250",
    "宽度": "85",
    "数量": "44",
    "类型": "钢板",
    "thickness": "8"
  },
  {
    "part_name": "达昊22K-39PL8x85X230=8件",
    "长度": "230",
    "宽度": "85",
    "数量": "8",
    "类型": "钢板",
    "thickness": "8"
  },
  {
    "part_name": "达昊22K-46PL8x85X250=1件",
    "长度": "250",
    "宽度": "85",
    "数量": "1",
    "类型": "钢板",
    "thickness": "8"
  },
  {
    "part_name": "达昊22K-47PL8x85X230=1件",
    "长度": "230",
    "宽度": "85",
    "数量": "1",
    "类型": "钢板",
    "thickness": "8"
  },
  {
    "part_name": "达昊11K-5PL8x190X230=2件",
    "长度": "230",
    "宽度": "190",
    "数量": "2",
    "类型": "钢板",
    "thickness": "8"
  },
  {
    "part_name": "达昊21K-59PL8x190X230=1件",
    "长度": "230",
    "宽度": "190",
    "数量": "1",
    "类型": "钢板",
    "thickness": "8"
  },
  {
    "part_name": "达昊21K-66PL8x90X230=1件",
    "长度": "230",
    "宽度": "90",
    "数量": "1",
    "类型": "钢板",
    "thickness": "8"
  },
  {
    "part_name": "达昊11K-63PL6x60X85=116件",
    "长度": "85",
    "宽度": "60",
    "数量": "116",
    "类型": "钢板",
    "thickness": "6"
  },
  {
    "part_name": "达昊11K-65PL6x60X85=38件",
    "长度": "85",
    "宽度": "60",
    "数量": "38",
    "类型": "钢板",
    "thickness": "6"
  },
  {
    "part_name": "达昊11K-66PL6x96X196=18件",
    "长度": "196",
    "宽度": "96",
    "数量": "18",
    "类型": "钢板",
    "thickness": "6"
  },
  {
    "part_name": "达昊11K-67PL6x100X190=31件",
    "长度": "190",
    "宽度": "100",
    "数量": "31",
    "类型": "钢板",
    "thickness": "6"
  },
  {
    "part_name": "达昊11K-68PL6x100X100=36件",
    "长度": "100",
    "宽度": "100",
    "数量": "36",
    "类型": "钢板",
    "thickness": "6"
  },
  {
    "part_name": "达昊11K-69PL6x100X190=5件",
    "长度": "190",
    "宽度": "100",
    "数量": "5",
    "类型": "钢板",
    "thickness": "6"
  },
  {
    "part_name": "达昊12K-28PL6x100X190=19件",
    "长度": "190",
    "宽度": "100",
    "数量": "19",
    "类型": "钢板",
    "thickness": "6"
  },
  {
    "part_name": "达昊12K-29PL6x100X100=28件",
    "长度": "100",
    "宽度": "100",
    "数量": "28",
    "类型": "钢板",
    "thickness": "6"
  },
  {
    "part_name": "达昊12K-30PL6x60X85=103件",
    "长度": "85",
    "宽度": "60",
    "数量": "103",
    "类型": "钢板",
    "thickness": "6"
  },
  {
    "part_name": "达昊12K-38PL6x60X85=1件",
    "长度": "85",
    "宽度": "60",
    "数量": "1",
    "类型": "钢板",
    "thickness": "6"
  },
  {
    "part_name": "达昊12K-39PL6x96X196=6件",
    "长度": "196",
    "宽度": "96",
    "数量": "6",
    "类型": "钢板",
    "thickness": "6"
  },
  {
    "part_name": "达昊12K-41PL6x100X190=9件",
    "长度": "190",
    "宽度": "100",
    "数量": "9",
    "类型": "钢板",
    "thickness": "6"
  },
  {
    "part_name": "达昊12R-1PL6x96X196=4件",
    "长度": "196",
    "宽度": "96",
    "数量": "4",
    "类型": "钢板",
    "thickness": "6"
  },
  {
    "part_name": "达昊21K-60PL6x60X85=115件",
    "长度": "85",
    "宽度": "60",
    "数量": "115",
    "类型": "钢板",
    "thickness": "6"
  },
  {
    "part_name": "达昊21K-62PL6x100X190=32件",
    "长度": "190",
    "宽度": "100",
    "数量": "32",
    "类型": "钢板",
    "thickness": "6"
  },
  {
    "part_name": "达昊21K-63PL6x60X85=35件",
    "长度": "85",
    "宽度": "60",
    "数量": "35",
    "类型": "钢板",
    "thickness": "6"
  },
  {
    "part_name": "达昊21K-64PL6x96X196=16件",
    "长度": "196",
    "宽度": "96",
    "数量": "16",
    "类型": "钢板",
    "thickness": "6"
  },
  {
    "part_name": "达昊21K-65PL6x100X100=32件",
    "长度": "100",
    "宽度": "100",
    "数量": "32",
    "类型": "钢板",
    "thickness": "6"
  },
  {
    "part_name": "达昊22K-37PL6x60X85=60件",
    "长度": "85",
    "宽度": "60",
    "数量": "60",
    "类型": "钢板",
    "thickness": "6"
  },
  {
    "part_name": "达昊22K-40PL6x100X190=32件",
    "长度": "190",
    "宽度": "100",
    "数量": "32",
    "类型": "钢板",
    "thickness": "6"
  },
  {
    "part_name": "达昊22K-42PL6x100X100=32件",
    "长度": "100",
    "宽度": "100",
    "数量": "32",
    "类型": "钢板",
    "thickness": "6"
  },
  {
    "part_name": "达昊22K-43PL6x60X85=50件",
    "长度": "85",
    "宽度": "60",
    "数量": "50",
    "类型": "钢板",
    "thickness": "6"
  },
  {
    "part_name": "达昊22K-44PL6x96X196=12件",
    "长度": "196",
    "宽度": "96",
    "数量": "12",
    "类型": "钢板",
    "thickness": "6"
  },
  {
    "part_name": "达昊12P-381PL3x288X2158=2件",
    "长度": "2158",
    "宽度": "288",
    "数量": "2",
    "类型": "钢板",
    "thickness": "3"
  },
  {
    "part_name": "达昊22P-391PL3x288X2158=2件",
    "长度": "2158",
    "宽度": "288",
    "数量": "2",
    "类型": "钢板",
    "thickness": "3"
  },
  {
    "part_name": "达昊11L-6L100x8X100=18件",
    "长度": "100",
    "数量": "18",
    "类型": "角钢",
    "thickness": "8"
  },
  {
    "part_name": "达昊11L-15L100x8X100=18件",
    "长度": "100",
    "数量": "18",
    "类型": "角钢",
    "thickness": "8"
  },
  {
    "part_name": "达昊12L-4L100x8X100=10件",
    "长度": "100",
    "数量": "10",
    "类型": "角钢",
    "thickness": "8"
  },
  {
    "part_name": "达昊12L-10L100x8X100=10件",
    "长度": "100",
    "数量": "10",
    "类型": "角钢",
    "thickness": "8"
  },
  {
    "part_name": "达昊21L-10L100x8X100=12件",
    "长度": "100",
    "数量": "12",
    "类型": "角钢",
    "thickness": "8"
  },
  {
    "part_name": "达昊21L-15L100x8X100=20件",
    "长度": "100",
    "数量": "20",
    "类型": "角钢",
    "thickness": "8"
  },
  {
    "part_name": "达昊22L-10L100x8X100=24件",
    "长度": "100",
    "数量": "24",
    "类型": "角钢",
    "thickness": "8"
  },
  {
    "part_name": "达昊11L-14L100x8X240=28件",
    "长度": "240",
    "数量": "28",
    "类型": "角钢",
    "thickness": "8"
  },
  {
    "part_name": "达昊12L-31L100x8X240=8件",
    "长度": "240",
    "数量": "8",
    "类型": "角钢",
    "thickness": "8"
  },
  {
    "part_name": "达昊21L-14L100x8X240=28件",
    "长度": "240",
    "数量": "28",
    "类型": "角钢",
    "thickness": "8"
  }
]
INFO:__main__:JSON解析成功
INFO:__main__:结果已保存至: E:\code\my_python_server\ai_parsed_result.json
INFO:__main__:结构化数据已保存为Excel文件: E:\code\my_python_server\达昊_structured_data.xlsx
INFO:werkzeug:127.0.0.1 - - [14/Oct/2025 19:48:57] "GET /process_excel?filepath="F:\\陈启鸿\\达昊\\10.13\\达昊.xlsx"&sheet_name=Sheet1 HTTP/1.1" 200 -
INFO:werkzeug: * Detected change in 'E:\\code\\my_python_server\\get_thick_part_json.py', reloading
INFO:werkzeug: * Restarting with stat
WARNING:werkzeug: * Debugger is active!
INFO:werkzeug: * Debugger PIN: 127-181-769
INFO:werkzeug: * Detected change in 'E:\\code\\my_python_server\\get_thick_part_json.py', reloading
INFO:werkzeug: * Restarting with stat
WARNING:werkzeug: * Debugger is active!
INFO:werkzeug: * Debugger PIN: 127-181-769
INFO:werkzeug: * Detected change in 'E:\\code\\my_python_server\\get_thick_part_json.py', reloading
INFO:werkzeug: * Restarting with stat
WARNING:werkzeug: * Debugger is active!
INFO:werkzeug: * Debugger PIN: 127-181-769
INFO:werkzeug: * Detected change in 'E:\\code\\my_python_server\\get_thick_part_json.py', reloading
INFO:werkzeug: * Restarting with stat
WARNING:werkzeug: * Debugger is active!
INFO:werkzeug: * Debugger PIN: 127-181-769
INFO:werkzeug: * Detected change in 'E:\\code\\my_python_server\\get_thick_part_json.py', reloading
INFO:werkzeug: * Restarting with stat
WARNING:werkzeug: * Debugger is active!
INFO:werkzeug: * Debugger PIN: 127-181-769
INFO:werkzeug: * Detected change in 'E:\\code\\my_python_server\\json2excel.py', reloading
INFO:werkzeug: * Restarting with stat
WARNING:werkzeug: * Debugger is active!
INFO:werkzeug: * Debugger PIN: 127-181-769
INFO:werkzeug: * Detected change in 'E:\\code\\my_python_server\\get_thick_part_json.py', reloading
INFO:werkzeug: * Restarting with stat
WARNING:werkzeug: * Debugger is active!
INFO:werkzeug: * Debugger PIN: 127-181-769
INFO:__main__:提取到的JSON内容: [
  {
    "part_name": "达昊11K-14PL8x100X240=1件",
    "长度": "100",
    "宽度": "240",
    "数量": "1",
    "类型": "钢板",
    "厚度": "8"
  },
  {
    "part_name": "达昊11K-60PL8x85X250=1件",
    "长度": "85",
    "宽度": "250",
    "数量": "1",
    "类型": "钢板",
    "厚度": "8"
  },
  {
    "part_name": "达昊11K-61PL8x85X250=102件",
    "长度": "85",
    "宽度": "250",
    "数量": "102",
    "类型": "钢板",
    "厚度": "8"
  },
  {
    "part_name": "达昊11K-62PL8x85X230=12件",
    "长度": "85",
    "宽度": "230",
    "数量": "12",
    "类型": "钢板",
    "厚度": "8"
  },
  {
    "part_name": "达昊11K-64PL8x85X250=37件",
    "长度": "85",
    "宽度": "250",
    "数量": "37",
    "类型": "钢板",
    "厚度": "8"
  },
  {
    "part_name": "达昊11K-70PL8x85X250=2件",
    "长度": "85",
    "宽度": "250",
    "数量": "2",
    "类型": "钢板",
    "厚度": "8"
  },
  {
    "part_name": "达昊12K-9PL8x200X240=1件",
    "长度": "200",
    "宽度": "240",
    "数量": "1",
    "类型": "钢板",
    "厚度": "8"
  },
  {
    "part_name": "达昊12K-10PL8x85X230=2件",
    "长度": "85",
    "宽度": "230",
    "数量": "2",
    "类型": "钢板",
    "厚度": "8"
  },
  {
    "part_name": "达昊12K-12PL8x85X250=36件",
    "长度": "85",
    "宽度": "250",
    "数量": "36",
    "类型": "钢板",
    "厚度": "8"
  },
  {
    "part_name": "达昊12K-13PL8x85X230=18件",
    "长度": "85",
    "宽度": "230",
    "数量": "18",
    "类型": "钢板",
    "厚度": "8"
  },
  {
    "part_name": "达昊12K-34PL8x85X250=1件",
    "长度": "85",
    "宽度": "250",
    "数量": "1",
    "类型": "钢板",
    "厚度": "8"
  },
  {
    "part_name": "达昊12K-35PL8x85X250=41件",
    "长度": "85",
    "宽度": "250",
    "数量": "41",
    "类型": "钢板",
    "厚度": "8"
  },
  {
    "part_name": "达昊12K-36PL8x85X230=6件",
    "长度": "85",
    "宽度": "230",
    "数量": "6",
    "类型": "钢板",
    "厚度": "8"
  },
  {
    "part_name": "达昊21K-9PL8x100X240=1件",
    "长度": "100",
    "宽度": "240",
    "数量": "1",
    "类型": "钢板",
    "厚度": "8"
  },
  {
    "part_name": "达昊21K-25PL8x190X230=1件",
    "长度": "190",
    "宽度": "230",
    "数量": "1",
    "类型": "钢板",
    "厚度": "8"
  },
  {
    "part_name": "达昊21K-57PL8x85X230=14件",
    "长度": "85",
    "宽度": "230",
    "数量": "14",
    "类型": "钢板",
    "厚度": "8"
  },
  {
    "part_name": "达昊21K-58PL8x85X250=96件",
    "长度": "85",
    "宽度": "250",
    "数量": "96",
    "类型": "钢板",
    "厚度": "8"
  },
  {
    "part_name": "达昊21K-61PL8x85X250=37件",
    "长度": "85",
    "宽度": "250",
    "数量": "37",
    "类型": "钢板",
    "厚度": "8"
  },
  {
    "part_name": "达昊21K-67PL8x85X250=3件",
    "长度": "85",
    "宽度": "250",
    "数量": "3",
    "类型": "钢板",
    "厚度": "8"
  },
  {
    "part_name": "达昊22K-27PL8x85X230=22件",
    "长度": "85",
    "宽度": "230",
    "数量": "22",
    "类型": "钢板",
    "厚度": "8"
  },
  {
    "part_name": "达昊22K-35PL8x85X250=34件",
    "长度": "85",
    "宽度": "250",
    "数量": "34",
    "类型": "钢板",
    "厚度": "8"
  },
  {
    "part_name": "达昊22K-36PL8x240X250=1件",
    "长度": "240",
    "宽度": "250",
    "数量": "1",
    "类型": "钢板",
    "厚度": "8"
  },
  {
    "part_name": "达昊22K-38PL8x85X250=44件",
    "长度": "85",
    "宽度": "250",
    "数量": "44",
    "类型": "钢板",
    "厚度": "8"
  },
  {
    "part_name": "达昊22K-39PL8x85X230=8件",
    "长度": "85",
    "宽度": "230",
    "数量": "8",
    "类型": "钢板",
    "厚度": "8"
  },
  {
    "part_name": "达昊22K-46PL8x85X250=1件",
    "长度": "85",
    "宽度": "250",
    "数量": "1",
    "类型": "钢板",
    "厚度": "8"
  },
  {
    "part_name": "达昊22K-47PL8x85X230=1件",
    "长度": "85",
    "宽度": "230",
    "数量": "1",
    "类型": "钢板",
    "厚度": "8"
  },
  {
    "part_name": "达昊11K-5PL8x190X230=2件",
    "长度": "190",
    "宽度": "230",
    "数量": "2",
    "类型": "钢板",
    "厚度": "8"
  },
  {
    "part_name": "达昊21K-59PL8x190X230=1件",
    "长度": "190",
    "宽度": "230",
    "数量": "1",
    "类型": "钢板",
    "厚度": "8"
  },
  {
    "part_name": "达昊21K-66PL8x90X230=1件",
    "长度": "90",
    "宽度": "230",
    "数量": "1",
    "类型": "钢板",
    "厚度": "8"
  },
  {
    "part_name": "达昊11K-63PL6x60X85=116件",
    "长度": "60",
    "宽度": "85",
    "数量": "116",
    "类型": "钢板",
    "厚度": "6"
  },
  {
    "part_name": "达昊11K-65PL6x60X85=38件",
    "长度": "60",
    "宽度": "85",
    "数量": "38",
    "类型": "钢板",
    "厚度": "6"
  },
  {
    "part_name": "达昊11K-66PL6x96X196=18件",
    "长度": "96",
    "宽度": "196",
    "数量": "18",
    "类型": "钢板",
    "厚度": "6"
  },
  {
    "part_name": "达昊11K-67PL6x100X190=31件",
    "长度": "100",
    "宽度": "190",
    "数量": "31",
    "类型": "钢板",
    "厚度": "6"
  },
  {
    "part_name": "达昊11K-68PL6x100X100=36件",
    "长度": "100",
    "宽度": "100",
    "数量": "36",
    "类型": "钢板",
    "厚度": "6"
  },
  {
    "part_name": "达昊11K-69PL6x100X190=5件",
    "长度": "100",
    "宽度": "190",
    "数量": "5",
    "类型": "钢板",
    "厚度": "6"
  },
  {
    "part_name": "达昊12K-28PL6x100X190=19件",
    "长度": "100",
    "宽度": "190",
    "数量": "19",
    "类型": "钢板",
    "厚度": "6"
  },
  {
    "part_name": "达昊12K-29PL6x100X100=28件",
    "长度": "100",
    "宽度": "100",
    "数量": "28",
    "类型": "钢板",
    "厚度": "6"
  },
  {
    "part_name": "达昊12K-30PL6x60X85=103件",
    "长度": "60",
    "宽度": "85",
    "数量": "103",
    "类型": "钢板",
    "厚度": "6"
  },
  {
    "part_name": "达昊12K-38PL6x60X85=1件",
    "长度": "60",
    "宽度": "85",
    "数量": "1",
    "类型": "钢板",
    "厚度": "6"
  },
  {
    "part_name": "达昊12K-39PL6x96X196=6件",
    "长度": "96",
    "宽度": "196",
    "数量": "6",
    "类型": "钢板",
    "厚度": "6"
  },
  {
    "part_name": "达昊12K-41PL6x100X190=9件",
    "长度": "100",
    "宽度": "190",
    "数量": "9",
    "类型": "钢板",
    "厚度": "6"
  },
  {
    "part_name": "达昊12R-1PL6x96X196=4件",
    "长度": "96",
    "宽度": "196",
    "数量": "4",
    "类型": "钢板",
    "厚度": "6"
  },
  {
    "part_name": "达昊21K-60PL6x60X85=115件",
    "长度": "60",
    "宽度": "85",
    "数量": "115",
    "类型": "钢板",
    "厚度": "6"
  },
  {
    "part_name": "达昊21K-62PL6x100X190=32件",
    "长度": "100",
    "宽度": "190",
    "数量": "32",
    "类型": "钢板",
    "厚度": "6"
  },
  {
    "part_name": "达昊21K-63PL6x60X85=35件",
    "长度": "60",
    "宽度": "85",
    "数量": "35",
    "类型": "钢板",
    "厚度": "6"
  },
  {
    "part_name": "达昊21K-64PL6x96X196=16件",
    "长度": "96",
    "宽度": "196",
    "数量": "16",
    "类型": "钢板",
    "厚度": "6"
  },
  {
    "part_name": "达昊21K-65PL6x100X100=32件",
    "长度": "100",
    "宽度": "100",
    "数量": "32",
    "类型": "钢板",
    "厚度": "6"
  },
  {
    "part_name": "达昊22K-37PL6x60X85=60件",
    "长度": "60",
    "宽度": "85",
    "数量": "60",
    "类型": "钢板",
    "厚度": "6"
  },
  {
    "part_name": "达昊22K-40PL6x100X190=32件",
    "长度": "100",
    "宽度": "190",
    "数量": "32",
    "类型": "钢板",
    "厚度": "6"
  },
  {
    "part_name": "达昊22K-42PL6x100X100=32件",
    "长度": "100",
    "宽度": "100",
    "数量": "32",
    "类型": "钢板",
    "厚度": "6"
  },
  {
    "part_name": "达昊22K-43PL6x60X85=50件",
    "长度": "60",
    "宽度": "85",
    "数量": "50",
    "类型": "钢板",
    "厚度": "6"
  },
  {
    "part_name": "达昊22K-44PL6x96X196=12件",
    "长度": "96",
    "宽度": "196",
    "数量": "12",
    "类型": "钢板",
    "厚度": "6"
  },
  {
    "part_name": "达昊12P-381PL3x288X2158=2件",
    "长度": "288",
    "宽度": "2158",
    "数量": "2",
    "类型": "钢板",
    "厚度": "3"
  },
  {
    "part_name": "达昊22P-391PL3x288X2158=2件",
    "长度": "288",
    "宽度": "2158",
    "数量": "2",
    "类型": "钢板",
    "厚度": "3"
  },
  {
    "part_name": "达昊11L-6L100x8X100=18件",
    "长度": "100",
    "宽度": "",
    "数量": "18",
    "类型": "角钢",
    "厚度": "8"
  },
  {
    "part_name": "达昊11L-15L100x8X100=18件",
    "长度": "100",
    "宽度": "",
    "数量": "18",
    "类型": "角钢",
    "厚度": "8"
  },
  {
    "part_name": "达昊12L-4L100x8X100=10件",
    "长度": "100",
    "宽度": "",
    "数量": "10",
    "类型": "角钢",
    "厚度": "8"
  },
  {
    "part_name": "达昊12L-10L100x8X100=10件",
    "长度": "100",
    "宽度": "",
    "数量": "10",
    "类型": "角钢",
    "厚度": "8"
  },
  {
    "part_name": "达昊21L-10L100x8X100=12件",
    "长度": "100",
    "宽度": "",
    "数量": "12",
    "类型": "角钢",
    "厚度": "8"
  },
  {
    "part_name": "达昊21L-15L100x8X100=20件",
    "长度": "100",
    "宽度": "",
    "数量": "20",
    "类型": "角钢",
    "厚度": "8"
  },
  {
    "part_name": "达昊22L-10L100x8X100=24件",
    "长度": "100",
    "宽度": "",
    "数量": "24",
    "类型": "角钢",
    "厚度": "8"
  },
  {
    "part_name": "达昊11L-14L100x8X240=28件",
    "长度": "240",
    "宽度": "",
    "数量": "28",
    "类型": "角钢",
    "厚度": "8"
  },
  {
    "part_name": "达昊12L-31L100x8X240=8件",
    "长度": "240",
    "宽度": "",
    "数量": "8",
    "类型": "角钢",
    "厚度": "8"
  },
  {
    "part_name": "达昊21L-14L100x8X240=28件",
    "长度": "240",
    "宽度": "",
    "数量": "28",
    "类型": "角钢",
    "厚度": "8"
  }
]
INFO:__main__:JSON解析成功
INFO:__main__:结果已保存至: E:\code\my_python_server\ai_parsed_result.json
INFO:__main__:钢材参数计算完成
INFO:__main__:计算结果已保存至: E:\code\my_python_server\calculated_result.json
INFO:__main__:结构化数据已保存为Excel文件: E:\code\my_python_server\output\达昊_structured_data.xlsx
INFO:__main__:计算结果已保存为Excel文件: E:\code\my_python_server\output\达昊_calculated_data.xlsx
INFO:werkzeug:127.0.0.1 - - [14/Oct/2025 20:11:31] "GET /process_excel?filepath="F:\\陈启鸿\\达昊\\10.13\\达昊.xlsx"&sheet_name=Sheet1 HTTP/1.1" 200 -
INFO:werkzeug: * Detected change in 'E:\\code\\my_python_server\\get_thick_part_json.py', reloading
INFO:werkzeug: * Restarting with stat
WARNING:werkzeug: * Debugger is active!
INFO:werkzeug: * Debugger PIN: 127-181-769
INFO:__main__:提取到的JSON内容: [
  {
    "part_name": "达昊11K-14PL8x100X240=1件",
    "长度": "240",
    "宽度": "100",
    "数量": "1",
    "类型": "钢板",
    "厚度": "8"
  },
  {
    "part_name": "达昊11K-60PL8x85X250=1件",
    "长度": "250",
    "宽度": "85",
    "数量": "1",
    "类型": "钢板",
    "厚度": "8"
  },
  {
    "part_name": "达昊11K-61PL8x85X250=102件",
    "长度": "250",
    "宽度": "85",
    "数量": "102",
    "类型": "钢板",
    "厚度": "8"
  },
  {
    "part_name": "达昊11K-62PL8x85X230=12件",
    "长度": "230",
    "宽度": "85",
    "数量": "12",
    "类型": "钢板",
    "厚度": "8"
  },
  {
    "part_name": "达昊11K-64PL8x85X250=37件",
    "长度": "250",
    "宽度": "85",
    "数量": "37",
    "类型": "钢板",
    "厚度": "8"
  },
  {
    "part_name": "达昊11K-70PL8x85X250=2件",
    "长度": "250",
    "宽度": "85",
    "数量": "2",
    "类型": "钢板",
    "厚度": "8"
  },
  {
    "part_name": "达昊11K-5PL8x190X230=2件",
    "长度": "230",
    "宽度": "190",
    "数量": "2",
    "类型": "钢板",
    "厚度": "8"
  },
  {
    "part_name": "达昊12K-9PL8x200X240=1件",
    "长度": "240",
    "宽度": "200",
    "数量": "1",
    "类型": "钢板",
    "厚度": "8"
  },
  {
    "part_name": "达昊12K-10PL8x85X230=2件",
    "长度": "230",
    "宽度": "85",
    "数量": "2",
    "类型": "钢板",
    "厚度": "8"
  },
  {
    "part_name": "达昊12K-12PL8x85X250=36件",
    "长度": "250",
    "宽度": "85",
    "数量": "36",
    "类型": "钢板",
    "厚度": "8"
  },
  {
    "part_name": "达昊12K-13PL8x85X230=18件",
    "长度": "230",
    "宽度": "85",
    "数量": "18",
    "类型": "钢板",
    "厚度": "8"
  },
  {
    "part_name": "达昊12K-34PL8x85X250=1件",
    "长度": "250",
    "宽度": "85",
    "数量": "1",
    "类型": "钢板",
    "厚度": "8"
  },
  {
    "part_name": "达昊12K-35PL8x85X250=41件",
    "长度": "250",
    "宽度": "85",
    "数量": "41",
    "类型": "钢板",
    "厚度": "8"
  },
  {
    "part_name": "达昊12K-36PL8x85X230=6件",
    "长度": "230",
    "宽度": "85",
    "数量": "6",
    "类型": "钢板",
    "厚度": "8"
  },
  {
    "part_name": "达昊21K-9PL8x100X240=1件",
    "长度": "240",
    "宽度": "100",
    "数量": "1",
    "类型": "钢板",
    "厚度": "8"
  },
  {
    "part_name": "达昊21K-25PL8x190X230=1件",
    "长度": "230",
    "宽度": "190",
    "数量": "1",
    "类型": "钢板",
    "厚度": "8"
  },
  {
    "part_name": "达昊21K-57PL8x85X230=14件",
    "长度": "230",
    "宽度": "85",
    "数量": "14",
    "类型": "钢板",
    "厚度": "8"
  },
  {
    "part_name": "达昊21K-58PL8x85X250=96件",
    "长度": "250",
    "宽度": "85",
    "数量": "96",
    "类型": "钢板",
    "厚度": "8"
  },
  {
    "part_name": "达昊21K-61PL8x85X250=37件",
    "长度": "250",
    "宽度": "85",
    "数量": "37",
    "类型": "钢板",
    "厚度": "8"
  },
  {
    "part_name": "达昊21K-67PL8x85X250=3件",
    "长度": "250",
    "宽度": "85",
    "数量": "3",
    "类型": "钢板",
    "厚度": "8"
  },
  {
    "part_name": "达昊21K-59PL8x190X230=1件",
    "长度": "230",
    "宽度": "190",
    "数量": "1",
    "类型": "钢板",
    "厚度": "8"
  },
  {
    "part_name": "达昊21K-66PL8x90X230=1件",
    "长度": "230",
    "宽度": "90",
    "数量": "1",
    "类型": "钢板",
    "厚度": "8"
  },
  {
    "part_name": "达昊22K-27PL8x85X230=22件",
    "长度": "230",
    "宽度": "85",
    "数量": "22",
    "类型": "钢板",
    "厚度": "8"
  },
  {
    "part_name": "达昊22K-35PL8x85X250=34件",
    "长度": "250",
    "宽度": "85",
    "数量": "34",
    "类型": "钢板",
    "厚度": "8"
  },
  {
    "part_name": "达昊22K-36PL8x240X250=1件",
    "长度": "250",
    "宽度": "240",
    "数量": "1",
    "类型": "钢板",
    "厚度": "8"
  },
  {
    "part_name": "达昊22K-38PL8x85X250=44件",
    "长度": "250",
    "宽度": "85",
    "数量": "44",
    "类型": "钢板",
    "厚度": "8"
  },
  {
    "part_name": "达昊22K-39PL8x85X230=8件",
    "长度": "230",
    "宽度": "85",
    "数量": "8",
    "类型": "钢板",
    "厚度": "8"
  },
  {
    "part_name": "达昊22K-46PL8x85X250=1件",
    "长度": "250",
    "宽度": "85",
    "数量": "1",
    "类型": "钢板",
    "厚度": "8"
  },
  {
    "part_name": "达昊22K-47PL8x85X230=1件",
    "长度": "230",
    "宽度": "85",
    "数量": "1",
    "类型": "钢板",
    "厚度": "8"
  },
  {
    "part_name": "达昊11K-63PL6x60X85=116件",
    "长度": "85",
    "宽度": "60",
    "数量": "116",
    "类型": "钢板",
    "厚度": "6"
  },
  {
    "part_name": "达昊11K-65PL6x60X85=38件",
    "长度": "85",
    "宽度": "60",
    "数量": "38",
    "类型": "钢板",
    "厚度": "6"
  },
  {
    "part_name": "达昊11K-66PL6x96X196=18件",
    "长度": "196",
    "宽度": "96",
    "数量": "18",
    "类型": "钢板",
    "厚度": "6"
  },
  {
    "part_name": "达昊11K-67PL6x100X190=31件",
    "长度": "190",
    "宽度": "100",
    "数量": "31",
    "类型": "钢板",
    "厚度": "6"
  },
  {
    "part_name": "达昊11K-68PL6x100X100=36件",
    "长度": "100",
    "宽度": "100",
    "数量": "36",
    "类型": "钢板",
    "厚度": "6"
  },
  {
    "part_name": "达昊11K-69PL6x100X190=5件",
    "长度": "190",
    "宽度": "100",
    "数量": "5",
    "类型": "钢板",
    "厚度": "6"
  },
  {
    "part_name": "达昊12K-28PL6x100X190=19件",
    "长度": "190",
    "宽度": "100",
    "数量": "19",
    "类型": "钢板",
    "厚度": "6"
  },
  {
    "part_name": "达昊12K-29PL6x100X100=28件",
    "长度": "100",
    "宽度": "100",
    "数量": "28",
    "类型": "钢板",
    "厚度": "6"
  },
  {
    "part_name": "达昊12K-30PL6x60X85=103件",
    "长度": "85",
    "宽度": "60",
    "数量": "103",
    "类型": "钢板",
    "厚度": "6"
  },
  {
    "part_name": "达昊12K-38PL6x60X85=1件",
    "长度": "85",
    "宽度": "60",
    "数量": "1",
    "类型": "钢板",
    "厚度": "6"
  },
  {
    "part_name": "达昊12K-39PL6x96X196=6件",
    "长度": "196",
    "宽度": "96",
    "数量": "6",
    "类型": "钢板",
    "厚度": "6"
  },
  {
    "part_name": "达昊12K-41PL6x100X190=9件",
    "长度": "190",
    "宽度": "100",
    "数量": "9",
    "类型": "钢板",
    "厚度": "6"
  },
  {
    "part_name": "达昊12R-1PL6x96X196=4件",
    "长度": "196",
    "宽度": "96",
    "数量": "4",
    "类型": "钢板",
    "厚度": "6"
  },
  {
    "part_name": "达昊21K-60PL6x60X85=115件",
    "长度": "85",
    "宽度": "60",
    "数量": "115",
    "类型": "钢板",
    "厚度": "6"
  },
  {
    "part_name": "达昊21K-62PL6x100X190=32件",
    "长度": "190",
    "宽度": "100",
    "数量": "32",
    "类型": "钢板",
    "厚度": "6"
  },
  {
    "part_name": "达昊21K-63PL6x60X85=35件",
    "长度": "85",
    "宽度": "60",
    "数量": "35",
    "类型": "钢板",
    "厚度": "6"
  },
  {
    "part_name": "达昊21K-64PL6x96X196=16件",
    "长度": "196",
    "宽度": "96",
    "数量": "16",
    "类型": "钢板",
    "厚度": "6"
  },
  {
    "part_name": "达昊21K-65PL6x100X100=32件",
    "长度": "100",
    "宽度": "100",
    "数量": "32",
    "类型": "钢板",
    "厚度": "6"
  },
  {
    "part_name": "达昊22K-37PL6x60X85=60件",
    "长度": "85",
    "宽度": "60",
    "数量": "60",
    "类型": "钢板",
    "厚度": "6"
  },
  {
    "part_name": "达昊22K-40PL6x100X190=32件",
    "长度": "190",
    "宽度": "100",
    "数量": "32",
    "类型": "钢板",
    "厚度": "6"
  },
  {
    "part_name": "达昊22K-42PL6x100X100=32件",
    "长度": "100",
    "宽度": "100",
    "数量": "32",
    "类型": "钢板",
    "厚度": "6"
  },
  {
    "part_name": "达昊22K-43PL6x60X85=50件",
    "长度": "85",
    "宽度": "60",
    "数量": "50",
    "类型": "钢板",
    "厚度": "6"
  },
  {
    "part_name": "达昊22K-44PL6x96X196=12件",
    "长度": "196",
    "宽度": "96",
    "数量": "12",
    "类型": "钢板",
    "厚度": "6"
  },
  {
    "part_name": "达昊12P-381PL3x288X2158=2件",
    "长度": "2158",
    "宽度": "288",
    "数量": "2",
    "类型": "钢板",
    "厚度": "3"
  },
  {
    "part_name": "达昊22P-391PL3x288X2158=2件",
    "长度": "2158",
    "宽度": "288",
    "数量": "2",
    "类型": "钢板",
    "厚度": "3"
  },
  {
    "part_name": "达昊11L-6L100x8X100=18件",
    "长度": "100",
    "数量": "18",
    "类型": "角钢",
    "厚度": "8"
  },
  {
    "part_name": "达昊11L-15L100x8X100=18件",
    "长度": "100",
    "数量": "18",
    "类型": "角钢",
    "厚度": "8"
  },
  {
    "part_name": "达昊12L-4L100x8X100=10件",
    "长度": "100",
    "数量": "10",
    "类型": "角钢",
    "厚度": "8"
  },
  {
    "part_name": "达昊12L-10L100x8X100=10件",
    "长度": "100",
    "数量": "10",
    "类型": "角钢",
    "厚度": "8"
  },
  {
    "part_name": "达昊21L-10L100x8X100=12件",
    "长度": "100",
    "数量": "12",
    "类型": "角钢",
    "厚度": "8"
  },
  {
    "part_name": "达昊21L-15L100x8X100=20件",
    "长度": "100",
    "数量": "20",
    "类型": "角钢",
    "厚度": "8"
  },
  {
    "part_name": "达昊22L-10L100x8X100=24件",
    "长度": "100",
    "数量": "24",
    "类型": "角钢",
    "厚度": "8"
  },
  {
    "part_name": "达昊11L-14L100x8X240=28件",
    "长度": "240",
    "数量": "28",
    "类型": "角钢",
    "厚度": "8"
  },
  {
    "part_name": "达昊12L-31L100x8X240=8件",
    "长度": "240",
    "数量": "8",
    "类型": "角钢",
    "厚度": "8"
  },
  {
    "part_name": "达昊21L-14L100x8X240=28件",
    "长度": "240",
    "数量": "28",
    "类型": "角钢",
    "厚度": "8"
  }
]
INFO:__main__:JSON解析成功
INFO:__main__:结果已保存至: E:\code\my_python_server\ai_parsed_result.json
INFO:__main__:钢材参数计算完成
INFO:__main__:计算结果已保存至: E:\code\my_python_server\calculated_result.json
INFO:__main__:计算结果已保存为Excel文件: E:\code\my_python_server\output\达昊_calculated_data.xlsx
INFO:werkzeug:127.0.0.1 - - [14/Oct/2025 20:19:31] "GET /process_excel?filepath="F:\\陈启鸿\\达昊\\10.13\\达昊.xlsx"&sheet_name=Sheet1 HTTP/1.1" 200 -
INFO:werkzeug: * Detected change in 'E:\\code\\my_python_server\\json2excel.py', reloading
INFO:werkzeug: * Restarting with stat
WARNING:werkzeug: * Debugger is active!
INFO:werkzeug: * Debugger PIN: 127-181-769
